START -> epsilon
TOKEN: LPAREN    LEXEME: (
TOKEN: PRINT     LEXEME: print
TOKEN: INTCONST  LEXEME: 1
CONST -> INTCONST
EXPR -> CONST
PRINT_EXPR -> print EXPR
PARENTHESIZED_EXPR -> PRINT_EXPR
TOKEN: RPAREN    LEXEME: )
EXPR -> ( PARENTHESIZED_EXPR )
START -> START EXPR

---- Completed parsing ----

TOKEN: LPAREN    LEXEME: (
TOKEN: PRINT     LEXEME: print
TOKEN: INTCONST  LEXEME: 2
CONST -> INTCONST
EXPR -> CONST
PRINT_EXPR -> print EXPR
PARENTHESIZED_EXPR -> PRINT_EXPR
TOKEN: RPAREN    LEXEME: )
EXPR -> ( PARENTHESIZED_EXPR )
START -> START EXPR

---- Completed parsing ----

TOKEN: LPAREN    LEXEME: (
TOKEN: EXIT      LEXEME: exit
PARENTHESIZED_EXPR -> EXIT

Bye!
